<?xml version="1.0" encoding="UTF-8"?>
<!-- Generated by org.testng.reporters.JUnitXMLReporter -->
<testsuite ignored="4" hostname="DESKTOP-PN8R175" failures="0" tests="2" name="Default test" time="9.077" errors="0" timestamp="2023-07-27T01:04:29 EDT">
  <testcase classname="com.ToolsQa.Qa.Tests.ToolsQAElementPageTest" name="ElementClickTest" time="1.281"/>
  <testcase classname="com.ToolsQa.Qa.Tests.ToolsQAElementPageTest" name="ElementWebTablePageTest" time="0.239"/>
  <testcase classname="com.ToolsQa.Qa.Tests.ToolsQAElementPageTest" name="ElementCheckBoxHomeClickTest" time="0.0">
    <ignored/>
  </testcase> <!-- ElementCheckBoxHomeClickTest -->
  <testcase classname="com.ToolsQa.Qa.Tests.ToolsQAElementPageTest" name="ElementRadioButtonClickTest" time="0.0">
    <ignored/>
  </testcase> <!-- ElementRadioButtonClickTest -->
  <testcase classname="com.ToolsQa.Qa.Tests.ToolsQAElementPageTest" name="ElementCheckBoxTest" time="0.0">
    <ignored/>
  </testcase> <!-- ElementCheckBoxTest -->
  <testcase classname="com.ToolsQa.Qa.Tests.ToolsQAElementPageTest" name="ElementTextBoxTest" time="0.0">
    <ignored/>
  </testcase> <!-- ElementTextBoxTest -->
</testsuite> <!-- Default test -->
